Loaded alb_esp1 1/8
Loaded alb_se2 2/8
Loaded alb_esp3 3/8
Loaded alb_esp2 4/8
Loaded alb_se4 5/8
Loaded alb_se1 6/8
Loaded alb_esp4 7/8
Loaded alb_se3 8/8
1215-659 556
   >>>>  0
2234-1490 744
   >>>>  1
1996-1214 782
   >>>>  2
863-571 292
   >>>>  3
2343-1426 917
   >>>>  4
1697-1058 639
   >>>>  5
1215-659 556
2234-1490 744
1996-1214 782
863-571 292
2343-1426 917
1697-1058 639
1215-659 556
2234-1490 744
1996-1214 782
863-571 292
2343-1426 917
1697-1058 639
Tu JEST MAKEFOOD
6
1583-1126 457
   >>>>  0
3216-2186 1030
   >>>>  1
1583-1126 457
3216-2186 1030
1583-1126 457
3216-2186 1030
Tu JEST MAKEFOOD
2
1215-659 556
   >>>>  0
2234-1490 744
   >>>>  1
1996-1214 782
   >>>>  2
863-571 292
   >>>>  3
2343-1426 917
   >>>>  4
1697-1058 639
   >>>>  5
1583-1126 457
   >>>>  6
3216-2186 1030
   >>>>  7
(40, 20, 7)
(120, 20, 7)
