Using TensorFlow backend.
WARNING:tensorflow:From model_run.py:10: The name tf.enable_eager_execution is deprecated. Please use tf.compat.v1.enable_eager_execution instead.

Loaded chpn-p4 1/134
Loaded pathetique_1 2/134
Loaded bor_ps6 3/134
Loaded beethoven_les_adieux_2 4/134
Loaded debussy_cc_2 5/134
Loaded burg_perlen 6/134
Loaded beethoven_opus22_2 7/134
Loaded chpn-p16 8/134
Loaded brahms_opus117_2 9/134
Loaded bor_ps4 10/134
Loaded bor_ps5 11/134
Loaded chp_op18 12/134
Loaded burg_sylphen 13/134
Loaded burg_agitato 14/134
Loaded alb_esp1 15/134
Loaded alb_se2 16/134
Loaded burg_erwachen 17/134
Loaded chpn-p10 18/134
Loaded beethoven_les_adieux_1 19/134
Loaded chpn_op35_4 20/134
Loaded chpn-p17 21/134
Loaded alb_esp6 22/134
Loaded burg_trennung 23/134
Loaded chpn_op35_3 24/134
Loaded elise 25/134
Loaded chpn-p22 26/134
Loaded waldstein_1 27/134
Loaded burg_quelle 28/134
Loaded chpn_op25_e4 29/134
Loaded beethoven_hammerklavier_3 30/134
Loaded gra_esp_3 31/134
Loaded chpn-p24 32/134
Loaded chpn-p19 33/134
Loaded chpn_op53 34/134
Loaded alb_se8 35/134
Loaded chpn_op35_2 36/134
Loaded beethoven_hammerklavier_1 37/134
Loaded chpn_op10_e01 38/134
Loaded chpn_op66 39/134
Loaded chpn_op35_1 40/134
Loaded chpn-p1 41/134
Loaded DEB_PASS 42/134
Loaded beethoven_opus22_3 43/134
Loaded appass_3 44/134
Loaded waldstein_3 45/134
Loaded beethoven_opus10_3 46/134
Loaded brahms_opus1_3 47/134
Loaded chpn-p2 48/134
Loaded pathetique_2 49/134
Loaded deb_menu 50/134
Loaded beethoven_opus90_1 51/134
Loaded alb_se6 52/134
Loaded brahms_opus1_2 53/134
Loaded appass_1 54/134
Loaded DEB_CLAI 55/134
Loaded chpn-p15 56/134
Loaded br_im5 57/134
Loaded gra_esp_2 58/134
Loaded chpn-p23 59/134
Loaded chpn_op33_2 60/134
Loaded chpn_op7_2 61/134
Loaded beethoven_opus22_1 62/134
Loaded mond_1 63/134
Loaded gra_esp_4 64/134
Loaded alb_esp3 65/134
Loaded chpn_op25_e11 66/134
Loaded debussy_cc_4 67/134
Loaded chpn_op25_e2 68/134
Loaded burg_gewitter 69/134
Loaded chpn-p13 70/134
Loaded debussy_cc_3 71/134
Loaded chpn-p14 72/134
Loaded debussy_cc_6 73/134
Loaded appass_2 74/134
Loaded mond_2 75/134
Loaded ty_mai 76/134
Loaded chpn_op27_2 77/134
Loaded chpn_op7_1 78/134
Loaded beethoven_opus90_2 79/134
Loaded bor_ps2 80/134
Loaded waldstein_2 81/134
Loaded chpn-p8 82/134
Loaded beethoven_opus10_2 83/134
Loaded islamei 84/134
Loaded br_im2 85/134
Loaded chpn_op23 86/134
Loaded BR_IM6 87/134
Loaded chp_op31 88/134
Loaded beethoven_opus22_4 89/134
Loaded burg_geschwindigkeit 90/134
Loaded bach_847 91/134
Loaded chpn-p9 92/134
Loaded chpn-p11 93/134
Loaded brahms_opus1_1 94/134
Loaded chpn_op25_e12 95/134
Loaded beethoven_les_adieux_3 96/134
Loaded alb_esp2 97/134
Loaded bor_ps3 98/134
Loaded brahms_opus1_4 99/134
Loaded chpn_op25_e3 100/134
Loaded burg_spinnerlied 101/134
Loaded beethoven_hammerklavier_4 102/134
Loaded alb_esp5 103/134
Loaded chpn_op10_e05 104/134
Loaded alb_se4 105/134
Loaded alb_se5 106/134
Loaded alb_se1 107/134
Loaded alb_se7 108/134
Loaded brahms_opus117_1 109/134
Loaded chpn-p3 110/134
Loaded chpn-p6 111/134
Loaded bor_ps1 112/134
Loaded chpn_op27_1 113/134
Loaded beethoven_hammerklavier_2 114/134
Loaded chpn-p20 115/134
Loaded debussy_cc_1 116/134
Loaded beethoven_opus10_1 117/134
Loaded bach_850 118/134
Loaded chpn_op10_e12 119/134
Loaded chpn-p7 120/134
Loaded chpn-p12 121/134
Loaded mond_3 122/134
Loaded br_rhap 123/134
Loaded chpn_op25_e1 124/134
Loaded bor_ps7 125/134
Loaded bach_846 126/134
Loaded chpn-p18 127/134
Loaded pathetique_3 128/134
Loaded chpn-p5 129/134
Loaded deb_prel 130/134
Loaded alb_esp4 131/134
Loaded alb_se3 132/134
Loaded chpn-p21 133/134
Loaded chpn_op33_4 134/134
(80, 10, 7)
(2600, 10, 7)
2020-07-31 01:54:23.226063: I tensorflow/stream_executor/platform/default/dso_loader.cc:42] Successfully opened dynamic library libcuda.so.1
2020-07-31 01:54:23.457653: E tensorflow/stream_executor/cuda/cuda_driver.cc:318] failed call to cuInit: CUDA_ERROR_NO_DEVICE: no CUDA-capable device is detected
2020-07-31 01:54:23.458497: I tensorflow/stream_executor/cuda/cuda_diagnostics.cc:156] kernel driver does not appear to be running on this host (Cypher): /proc/driver/nvidia/version does not exist
2020-07-31 01:54:23.459755: I tensorflow/core/platform/cpu_feature_guard.cc:142] Your CPU supports instructions that this TensorFlow binary was not compiled to use: AVX2 FMA
2020-07-31 01:54:23.504813: I tensorflow/core/platform/profile_utils/cpu_utils.cc:94] CPU Frequency: 2494365000 Hz
2020-07-31 01:54:23.506079: I tensorflow/compiler/xla/service/service.cc:168] XLA service 0x2977110 executing computations on platform Host. Devices:
2020-07-31 01:54:23.506104: I tensorflow/compiler/xla/service/service.cc:175]   StreamExecutor device (0): <undefined>, <undefined>
Train on 2600 samples, validate on 80 samples
WARNING:tensorflow:From /home/resolution/.local/lib/python3.7/site-packages/tensorflow/python/ops/math_grad.py:1250: add_dispatch_support.<locals>.wrapper (from tensorflow.python.ops.array_ops) is deprecated and will be removed in a future version.
Instructions for updating:
Use tf.where in 2.0, which has the same broadcast rule as np.where
Epoch 1/300
2020-07-31 01:54:29.427370: E tensorflow/core/grappler/optimizers/meta_optimizer.cc:502] constant folding failed: Invalid argument: Unsupported type: 21
2020-07-31 01:54:30.738691: E tensorflow/core/grappler/optimizers/meta_optimizer.cc:502] constant folding failed: Invalid argument: Unsupported type: 21
2020-07-31 01:54:31.919907: W tensorflow/compiler/jit/mark_for_compilation_pass.cc:1412] (One-time warning): Not using XLA:CPU for cluster because envvar TF_XLA_FLAGS=--tf_xla_cpu_global_jit was not set.  If you want XLA:CPU, either set that envvar, or use experimental_jit_scope to enable XLA:CPU.  To confirm that XLA is active, pass --vmodule=xla_compilation_cache=1 (as a proper command-line flag, not via TF_XLA_FLAGS) or set the envvar XLA_FLAGS=--xla_hlo_profile.
2020-07-31 01:54:32.354020: I tensorflow/core/profiler/lib/profiler_session.cc:174] Profiler session started.
2020-07-31 01:54:32.618999: E tensorflow/core/platform/default/device_tracer.cc:68] CUDA error: CUDA_ERROR_NO_DEVICE
   5/2600 [..............................] - ETA: 32:02 - loss: 0.0693 - acc: 0.0000e+00WARNING:tensorflow:Method (on_train_batch_end) is slow compared to the batch update (0.348882). Check your callbacks.
  10/2600 [..............................] - ETA: 18:22 - loss: 0.0610 - acc: 0.0000e+00WARNING:tensorflow:Method (on_train_batch_end) is slow compared to the batch update (0.265133). Check your callbacks.
  15/2600 [..............................] - ETA: 12:23 - loss: 0.0746 - acc: 0.0667    WARNING:tensorflow:Method (on_train_batch_end) is slow compared to the batch update (0.132581). Check your callbacks.
2600/2600 [==============================] - 32s 12ms/sample - loss: 0.0361 - acc: 0.5719 - val_loss: 0.0195 - val_acc: 0.5625
Epoch 2/300
2600/2600 [==============================] - 22s 9ms/sample - loss: 0.0298 - acc: 0.6627 - val_loss: 0.0191 - val_acc: 0.5625
Epoch 3/300
2600/2600 [==============================] - 25s 10ms/sample - loss: 0.0290 - acc: 0.6677 - val_loss: 0.0191 - val_acc: 0.5250
Epoch 4/300
2600/2600 [==============================] - 26s 10ms/sample - loss: 0.0284 - acc: 0.6681 - val_loss: 0.0188 - val_acc: 0.5625
Epoch 5/300
2600/2600 [==============================] - 26s 10ms/sample - loss: 0.0281 - acc: 0.6708 - val_loss: 0.0184 - val_acc: 0.5625
Epoch 6/300
2600/2600 [==============================] - 25s 10ms/sample - loss: 0.0276 - acc: 0.6785 - val_loss: 0.0186 - val_acc: 0.5750
Epoch 7/300
2600/2600 [==============================] - 25s 10ms/sample - loss: 0.0269 - acc: 0.6696 - val_loss: 0.0187 - val_acc: 0.5750
Epoch 8/300
2600/2600 [==============================] - 25s 10ms/sample - loss: 0.0267 - acc: 0.6681 - val_loss: 0.0187 - val_acc: 0.5750
Epoch 9/300
2600/2600 [==============================] - 24s 9ms/sample - loss: 0.0265 - acc: 0.6712 - val_loss: 0.0186 - val_acc: 0.5750
Epoch 10/300
2600/2600 [==============================] - 24s 9ms/sample - loss: 0.0264 - acc: 0.6754 - val_loss: 0.0185 - val_acc: 0.5875
Epoch 11/300
2600/2600 [==============================] - 25s 10ms/sample - loss: 0.0262 - acc: 0.6735 - val_loss: 0.0186 - val_acc: 0.5875
Epoch 12/300
2600/2600 [==============================] - 23s 9ms/sample - loss: 0.0262 - acc: 0.6708 - val_loss: 0.0186 - val_acc: 0.5750
Epoch 13/300
2600/2600 [==============================] - 25s 10ms/sample - loss: 0.0260 - acc: 0.6654 - val_loss: 0.0184 - val_acc: 0.5500
Epoch 14/300
2600/2600 [==============================] - 24s 9ms/sample - loss: 0.0260 - acc: 0.6700 - val_loss: 0.0183 - val_acc: 0.5625
Epoch 15/300
2600/2600 [==============================] - 28s 11ms/sample - loss: 0.0260 - acc: 0.6746 - val_loss: 0.0184 - val_acc: 0.5500
Epoch 16/300
2600/2600 [==============================] - 24s 9ms/sample - loss: 0.0261 - acc: 0.6900 - val_loss: 0.0184 - val_acc: 0.5625
Epoch 17/300
2600/2600 [==============================] - 30s 12ms/sample - loss: 0.0259 - acc: 0.6715 - val_loss: 0.0183 - val_acc: 0.5500
Epoch 18/300
2600/2600 [==============================] - 31s 12ms/sample - loss: 0.0259 - acc: 0.6735 - val_loss: 0.0184 - val_acc: 0.5500
Epoch 19/300
2600/2600 [==============================] - 32s 12ms/sample - loss: 0.0258 - acc: 0.6769 - val_loss: 0.0183 - val_acc: 0.5625
Epoch 20/300
2600/2600 [==============================] - 31s 12ms/sample - loss: 0.0258 - acc: 0.6769 - val_loss: 0.0183 - val_acc: 0.5625
Epoch 21/300
2600/2600 [==============================] - 32s 12ms/sample - loss: 0.0258 - acc: 0.6715 - val_loss: 0.0183 - val_acc: 0.5500
Epoch 22/300
2600/2600 [==============================] - 32s 12ms/sample - loss: 0.0258 - acc: 0.6758 - val_loss: 0.0183 - val_acc: 0.5500
Epoch 23/300
2600/2600 [==============================] - 31s 12ms/sample - loss: 0.0257 - acc: 0.6785 - val_loss: 0.0183 - val_acc: 0.5500
Epoch 24/300
2600/2600 [==============================] - 34s 13ms/sample - loss: 0.0258 - acc: 0.6723 - val_loss: 0.0183 - val_acc: 0.5500
Epoch 25/300
2600/2600 [==============================] - 26s 10ms/sample - loss: 0.0257 - acc: 0.6692 - val_loss: 0.0184 - val_acc: 0.5625
Epoch 26/300
2600/2600 [==============================] - 31s 12ms/sample - loss: 0.0257 - acc: 0.6758 - val_loss: 0.0182 - val_acc: 0.5500
Epoch 27/300
2600/2600 [==============================] - 25s 10ms/sample - loss: 0.0257 - acc: 0.6708 - val_loss: 0.0183 - val_acc: 0.5500
Epoch 28/300
2600/2600 [==============================] - 27s 10ms/sample - loss: 0.0256 - acc: 0.6773 - val_loss: 0.0183 - val_acc: 0.5500
Epoch 29/300
2600/2600 [==============================] - 26s 10ms/sample - loss: 0.0256 - acc: 0.6804 - val_loss: 0.0184 - val_acc: 0.5625
Epoch 30/300
2600/2600 [==============================] - 25s 9ms/sample - loss: 0.0256 - acc: 0.6708 - val_loss: 0.0185 - val_acc: 0.5625
Epoch 31/300
2600/2600 [==============================] - 23s 9ms/sample - loss: 0.0256 - acc: 0.6769 - val_loss: 0.0182 - val_acc: 0.5625
Epoch 32/300
2600/2600 [==============================] - 23s 9ms/sample - loss: 0.0256 - acc: 0.6788 - val_loss: 0.0183 - val_acc: 0.5625
Epoch 33/300
2600/2600 [==============================] - 23s 9ms/sample - loss: 0.0255 - acc: 0.6792 - val_loss: 0.0186 - val_acc: 0.5625
Epoch 34/300
2600/2600 [==============================] - 26s 10ms/sample - loss: 0.0255 - acc: 0.6742 - val_loss: 0.0185 - val_acc: 0.5625
Epoch 35/300
2600/2600 [==============================] - 24s 9ms/sample - loss: 0.0255 - acc: 0.6773 - val_loss: 0.0182 - val_acc: 0.5625
Epoch 36/300
2600/2600 [==============================] - 24s 9ms/sample - loss: 0.0255 - acc: 0.6688 - val_loss: 0.0183 - val_acc: 0.5625
Epoch 37/300
2600/2600 [==============================] - 28s 11ms/sample - loss: 0.0256 - acc: 0.6704 - val_loss: 0.0182 - val_acc: 0.5750
Epoch 38/300
2600/2600 [==============================] - 26s 10ms/sample - loss: 0.0255 - acc: 0.6708 - val_loss: 0.0182 - val_acc: 0.5750
Epoch 39/300
2600/2600 [==============================] - 27s 10ms/sample - loss: 0.0255 - acc: 0.6785 - val_loss: 0.0183 - val_acc: 0.5625
Epoch 40/300
2600/2600 [==============================] - 25s 10ms/sample - loss: 0.0255 - acc: 0.6762 - val_loss: 0.0182 - val_acc: 0.6000
Epoch 41/300
2600/2600 [==============================] - 23s 9ms/sample - loss: 0.0255 - acc: 0.6742 - val_loss: 0.0182 - val_acc: 0.5625
Epoch 42/300
2600/2600 [==============================] - 26s 10ms/sample - loss: 0.0254 - acc: 0.6746 - val_loss: 0.0183 - val_acc: 0.5750
Epoch 43/300
2600/2600 [==============================] - 26s 10ms/sample - loss: 0.0254 - acc: 0.6792 - val_loss: 0.0182 - val_acc: 0.5500
Epoch 44/300
2600/2600 [==============================] - 25s 9ms/sample - loss: 0.0254 - acc: 0.6808 - val_loss: 0.0181 - val_acc: 0.5625
Epoch 45/300
2600/2600 [==============================] - 26s 10ms/sample - loss: 0.0254 - acc: 0.6662 - val_loss: 0.0182 - val_acc: 0.5625
Epoch 46/300
2600/2600 [==============================] - 26s 10ms/sample - loss: 0.0254 - acc: 0.6742 - val_loss: 0.0182 - val_acc: 0.5625
Epoch 47/300
2600/2600 [==============================] - 28s 11ms/sample - loss: 0.0254 - acc: 0.6727 - val_loss: 0.0183 - val_acc: 0.5625
Epoch 48/300
2600/2600 [==============================] - 24s 9ms/sample - loss: 0.0253 - acc: 0.6715 - val_loss: 0.0183 - val_acc: 0.6000
Epoch 49/300
2600/2600 [==============================] - 26s 10ms/sample - loss: 0.0254 - acc: 0.6777 - val_loss: 0.0181 - val_acc: 0.5625
Epoch 50/300
2600/2600 [==============================] - 25s 10ms/sample - loss: 0.0254 - acc: 0.6746 - val_loss: 0.0182 - val_acc: 0.5625
Epoch 51/300
2600/2600 [==============================] - 25s 10ms/sample - loss: 0.0254 - acc: 0.6685 - val_loss: 0.0182 - val_acc: 0.5625
Epoch 52/300
2600/2600 [==============================] - 25s 9ms/sample - loss: 0.0253 - acc: 0.6685 - val_loss: 0.0183 - val_acc: 0.5625
Epoch 53/300
2600/2600 [==============================] - 24s 9ms/sample - loss: 0.0254 - acc: 0.6758 - val_loss: 0.0184 - val_acc: 0.5500
Epoch 54/300
2600/2600 [==============================] - 23s 9ms/sample - loss: 0.0254 - acc: 0.6762 - val_loss: 0.0183 - val_acc: 0.5500
Epoch 55/300
2600/2600 [==============================] - 24s 9ms/sample - loss: 0.0254 - acc: 0.6719 - val_loss: 0.0183 - val_acc: 0.5500
Epoch 56/300
2600/2600 [==============================] - 24s 9ms/sample - loss: 0.0254 - acc: 0.6762 - val_loss: 0.0182 - val_acc: 0.5750
Epoch 57/300
2600/2600 [==============================] - 26s 10ms/sample - loss: 0.0253 - acc: 0.6781 - val_loss: 0.0182 - val_acc: 0.5625
Epoch 58/300
2600/2600 [==============================] - 26s 10ms/sample - loss: 0.0254 - acc: 0.6792 - val_loss: 0.0182 - val_acc: 0.5500
Epoch 59/300
2600/2600 [==============================] - 24s 9ms/sample - loss: 0.0253 - acc: 0.6788 - val_loss: 0.0183 - val_acc: 0.5500
Epoch 60/300
2600/2600 [==============================] - 23s 9ms/sample - loss: 0.0253 - acc: 0.6727 - val_loss: 0.0182 - val_acc: 0.5625
Epoch 61/300
2600/2600 [==============================] - 23s 9ms/sample - loss: 0.0253 - acc: 0.6712 - val_loss: 0.0182 - val_acc: 0.5500
Epoch 62/300
2600/2600 [==============================] - 23s 9ms/sample - loss: 0.0253 - acc: 0.6765 - val_loss: 0.0181 - val_acc: 0.5500
Epoch 63/300
2600/2600 [==============================] - 23s 9ms/sample - loss: 0.0253 - acc: 0.6750 - val_loss: 0.0183 - val_acc: 0.5500
Epoch 64/300
2600/2600 [==============================] - 24s 9ms/sample - loss: 0.0253 - acc: 0.6762 - val_loss: 0.0182 - val_acc: 0.5625
Epoch 65/300
2600/2600 [==============================] - 24s 9ms/sample - loss: 0.0252 - acc: 0.6835 - val_loss: 0.0184 - val_acc: 0.5500
Epoch 66/300
2600/2600 [==============================] - 25s 10ms/sample - loss: 0.0252 - acc: 0.6804 - val_loss: 0.0182 - val_acc: 0.5875
Epoch 67/300
2600/2600 [==============================] - 25s 10ms/sample - loss: 0.0253 - acc: 0.6773 - val_loss: 0.0181 - val_acc: 0.5500
Epoch 68/300
2600/2600 [==============================] - 26s 10ms/sample - loss: 0.0253 - acc: 0.6788 - val_loss: 0.0185 - val_acc: 0.5625
Epoch 69/300
2600/2600 [==============================] - 25s 10ms/sample - loss: 0.0253 - acc: 0.6800 - val_loss: 0.0181 - val_acc: 0.5500
Epoch 70/300
2600/2600 [==============================] - 24s 9ms/sample - loss: 0.0252 - acc: 0.6746 - val_loss: 0.0184 - val_acc: 0.5625
Epoch 71/300
2600/2600 [==============================] - 26s 10ms/sample - loss: 0.0252 - acc: 0.6827 - val_loss: 0.0183 - val_acc: 0.5500
Epoch 72/300
2600/2600 [==============================] - 29s 11ms/sample - loss: 0.0252 - acc: 0.6804 - val_loss: 0.0181 - val_acc: 0.5500
Epoch 73/300
2600/2600 [==============================] - 26s 10ms/sample - loss: 0.0252 - acc: 0.6788 - val_loss: 0.0181 - val_acc: 0.5500
Epoch 74/300
2600/2600 [==============================] - 31s 12ms/sample - loss: 0.0252 - acc: 0.6788 - val_loss: 0.0182 - val_acc: 0.5500
Epoch 75/300
2600/2600 [==============================] - 28s 11ms/sample - loss: 0.0252 - acc: 0.6858 - val_loss: 0.0183 - val_acc: 0.5625
Epoch 76/300
2600/2600 [==============================] - 27s 10ms/sample - loss: 0.0252 - acc: 0.6800 - val_loss: 0.0184 - val_acc: 0.5625
Epoch 77/300
2600/2600 [==============================] - 27s 10ms/sample - loss: 0.0252 - acc: 0.6777 - val_loss: 0.0181 - val_acc: 0.5500
Epoch 78/300
2600/2600 [==============================] - 27s 10ms/sample - loss: 0.0252 - acc: 0.6854 - val_loss: 0.0182 - val_acc: 0.5500
Epoch 79/300
2600/2600 [==============================] - 29s 11ms/sample - loss: 0.0252 - acc: 0.6765 - val_loss: 0.0183 - val_acc: 0.5625
Epoch 80/300
2600/2600 [==============================] - 27s 10ms/sample - loss: 0.0251 - acc: 0.6742 - val_loss: 0.0183 - val_acc: 0.5500
Epoch 81/300
2600/2600 [==============================] - 29s 11ms/sample - loss: 0.0252 - acc: 0.6788 - val_loss: 0.0182 - val_acc: 0.5625
Epoch 82/300
2600/2600 [==============================] - 29s 11ms/sample - loss: 0.0251 - acc: 0.6815 - val_loss: 0.0182 - val_acc: 0.5500
Epoch 83/300
2600/2600 [==============================] - 28s 11ms/sample - loss: 0.0252 - acc: 0.6796 - val_loss: 0.0183 - val_acc: 0.5500
Epoch 84/300
2600/2600 [==============================] - 28s 11ms/sample - loss: 0.0251 - acc: 0.6835 - val_loss: 0.0181 - val_acc: 0.5500
Epoch 85/300
2600/2600 [==============================] - 26s 10ms/sample - loss: 0.0251 - acc: 0.6854 - val_loss: 0.0183 - val_acc: 0.5625
Epoch 86/300
2600/2600 [==============================] - 27s 11ms/sample - loss: 0.0251 - acc: 0.6854 - val_loss: 0.0182 - val_acc: 0.5750
Epoch 87/300
2600/2600 [==============================] - 30s 12ms/sample - loss: 0.0252 - acc: 0.6712 - val_loss: 0.0183 - val_acc: 0.5500
Epoch 88/300
2600/2600 [==============================] - 27s 10ms/sample - loss: 0.0252 - acc: 0.6808 - val_loss: 0.0182 - val_acc: 0.5500
Epoch 89/300
2600/2600 [==============================] - 27s 10ms/sample - loss: 0.0252 - acc: 0.6846 - val_loss: 0.0184 - val_acc: 0.5500
Epoch 90/300
2600/2600 [==============================] - 26s 10ms/sample - loss: 0.0251 - acc: 0.6869 - val_loss: 0.0182 - val_acc: 0.5625
Epoch 91/300
2600/2600 [==============================] - 26s 10ms/sample - loss: 0.0251 - acc: 0.6862 - val_loss: 0.0183 - val_acc: 0.5500
Epoch 92/300
2600/2600 [==============================] - 24s 9ms/sample - loss: 0.0250 - acc: 0.6862 - val_loss: 0.0183 - val_acc: 0.5500
Epoch 93/300
2600/2600 [==============================] - 27s 10ms/sample - loss: 0.0251 - acc: 0.6854 - val_loss: 0.0182 - val_acc: 0.5500
Epoch 94/300
2600/2600 [==============================] - 26s 10ms/sample - loss: 0.0250 - acc: 0.6877 - val_loss: 0.0183 - val_acc: 0.5625
Epoch 95/300
2600/2600 [==============================] - 28s 11ms/sample - loss: 0.0251 - acc: 0.6842 - val_loss: 0.0181 - val_acc: 0.5500
Epoch 96/300
2600/2600 [==============================] - 35s 14ms/sample - loss: 0.0251 - acc: 0.6869 - val_loss: 0.0183 - val_acc: 0.5625
Epoch 97/300
2600/2600 [==============================] - 49s 19ms/sample - loss: 0.0251 - acc: 0.6896 - val_loss: 0.0182 - val_acc: 0.5500
Epoch 98/300
2600/2600 [==============================] - 31s 12ms/sample - loss: 0.0250 - acc: 0.6846 - val_loss: 0.0183 - val_acc: 0.5500
Epoch 99/300
2600/2600 [==============================] - 29s 11ms/sample - loss: 0.0251 - acc: 0.6912 - val_loss: 0.0183 - val_acc: 0.5500
Epoch 100/300
2600/2600 [==============================] - 34s 13ms/sample - loss: 0.0250 - acc: 0.6827 - val_loss: 0.0183 - val_acc: 0.5500
Epoch 101/300
2600/2600 [==============================] - 30s 12ms/sample - loss: 0.0250 - acc: 0.6815 - val_loss: 0.0182 - val_acc: 0.5500
Epoch 102/300
2600/2600 [==============================] - 32s 12ms/sample - loss: 0.0251 - acc: 0.6815 - val_loss: 0.0182 - val_acc: 0.5625
Epoch 103/300
2600/2600 [==============================] - 29s 11ms/sample - loss: 0.0250 - acc: 0.6846 - val_loss: 0.0183 - val_acc: 0.5500
Epoch 104/300
2600/2600 [==============================] - 26s 10ms/sample - loss: 0.0250 - acc: 0.6896 - val_loss: 0.0182 - val_acc: 0.5625
Epoch 105/300
2600/2600 [==============================] - 30s 11ms/sample - loss: 0.0251 - acc: 0.6835 - val_loss: 0.0183 - val_acc: 0.5500
Epoch 106/300
2600/2600 [==============================] - 28s 11ms/sample - loss: 0.0251 - acc: 0.6885 - val_loss: 0.0183 - val_acc: 0.5500
Epoch 107/300
2600/2600 [==============================] - 28s 11ms/sample - loss: 0.0250 - acc: 0.6885 - val_loss: 0.0182 - val_acc: 0.5500
Epoch 108/300
2600/2600 [==============================] - 28s 11ms/sample - loss: 0.0250 - acc: 0.6977 - val_loss: 0.0183 - val_acc: 0.5625
Epoch 109/300
2600/2600 [==============================] - 29s 11ms/sample - loss: 0.0250 - acc: 0.6877 - val_loss: 0.0184 - val_acc: 0.5625
Epoch 110/300
2600/2600 [==============================] - 31s 12ms/sample - loss: 0.0250 - acc: 0.6869 - val_loss: 0.0183 - val_acc: 0.5500
Epoch 111/300
2600/2600 [==============================] - 57s 22ms/sample - loss: 0.0250 - acc: 0.6865 - val_loss: 0.0184 - val_acc: 0.5625
Epoch 112/300
2600/2600 [==============================] - 28s 11ms/sample - loss: 0.0249 - acc: 0.6927 - val_loss: 0.0184 - val_acc: 0.5625
Epoch 113/300
2600/2600 [==============================] - 32s 12ms/sample - loss: 0.0250 - acc: 0.6938 - val_loss: 0.0183 - val_acc: 0.5625
Epoch 114/300
2600/2600 [==============================] - 38s 14ms/sample - loss: 0.0250 - acc: 0.6846 - val_loss: 0.0183 - val_acc: 0.5500
Epoch 115/300
2600/2600 [==============================] - 31s 12ms/sample - loss: 0.0249 - acc: 0.7012 - val_loss: 0.0182 - val_acc: 0.5625
Epoch 116/300
2600/2600 [==============================] - 29s 11ms/sample - loss: 0.0249 - acc: 0.6962 - val_loss: 0.0185 - val_acc: 0.5625
Epoch 117/300
2600/2600 [==============================] - 26s 10ms/sample - loss: 0.0249 - acc: 0.6915 - val_loss: 0.0184 - val_acc: 0.5500
Epoch 118/300
2600/2600 [==============================] - 25s 10ms/sample - loss: 0.0249 - acc: 0.6885 - val_loss: 0.0183 - val_acc: 0.5625
Epoch 119/300
2600/2600 [==============================] - 24s 9ms/sample - loss: 0.0248 - acc: 0.6985 - val_loss: 0.0185 - val_acc: 0.5500
Epoch 120/300
2600/2600 [==============================] - 23s 9ms/sample - loss: 0.0249 - acc: 0.7019 - val_loss: 0.0183 - val_acc: 0.5500
Epoch 121/300
2600/2600 [==============================] - 23s 9ms/sample - loss: 0.0249 - acc: 0.6919 - val_loss: 0.0182 - val_acc: 0.5625
Epoch 122/300
2600/2600 [==============================] - 23s 9ms/sample - loss: 0.0249 - acc: 0.6981 - val_loss: 0.0184 - val_acc: 0.5625
Epoch 123/300
2600/2600 [==============================] - 24s 9ms/sample - loss: 0.0249 - acc: 0.6931 - val_loss: 0.0183 - val_acc: 0.5500
Epoch 124/300
2600/2600 [==============================] - 29s 11ms/sample - loss: 0.0249 - acc: 0.6923 - val_loss: 0.0181 - val_acc: 0.5625
Epoch 125/300
2600/2600 [==============================] - 27s 10ms/sample - loss: 0.0249 - acc: 0.6992 - val_loss: 0.0184 - val_acc: 0.5625
Epoch 126/300
2600/2600 [==============================] - 30s 12ms/sample - loss: 0.0249 - acc: 0.6927 - val_loss: 0.0182 - val_acc: 0.5500
Epoch 127/300
2600/2600 [==============================] - 29s 11ms/sample - loss: 0.0249 - acc: 0.7015 - val_loss: 0.0182 - val_acc: 0.5500
Epoch 128/300
2600/2600 [==============================] - 31s 12ms/sample - loss: 0.0249 - acc: 0.6877 - val_loss: 0.0180 - val_acc: 0.5500
Epoch 129/300
2600/2600 [==============================] - 26s 10ms/sample - loss: 0.0249 - acc: 0.6985 - val_loss: 0.0182 - val_acc: 0.5625
Epoch 130/300
2600/2600 [==============================] - 27s 10ms/sample - loss: 0.0249 - acc: 0.6908 - val_loss: 0.0183 - val_acc: 0.5500
Epoch 131/300
2600/2600 [==============================] - 27s 10ms/sample - loss: 0.0249 - acc: 0.6900 - val_loss: 0.0184 - val_acc: 0.5625
Epoch 132/300
2600/2600 [==============================] - 26s 10ms/sample - loss: 0.0249 - acc: 0.6996 - val_loss: 0.0182 - val_acc: 0.5625
Epoch 133/300
2600/2600 [==============================] - 25s 10ms/sample - loss: 0.0249 - acc: 0.6946 - val_loss: 0.0183 - val_acc: 0.5500
Epoch 134/300
2600/2600 [==============================] - 27s 11ms/sample - loss: 0.0248 - acc: 0.6969 - val_loss: 0.0183 - val_acc: 0.5500
Epoch 135/300
2600/2600 [==============================] - 27s 10ms/sample - loss: 0.0248 - acc: 0.7058 - val_loss: 0.0183 - val_acc: 0.5625
Epoch 136/300
2600/2600 [==============================] - 24s 9ms/sample - loss: 0.0248 - acc: 0.6935 - val_loss: 0.0183 - val_acc: 0.5625
Epoch 137/300
2600/2600 [==============================] - 27s 11ms/sample - loss: 0.0248 - acc: 0.7019 - val_loss: 0.0183 - val_acc: 0.5625
Epoch 138/300
2600/2600 [==============================] - 24s 9ms/sample - loss: 0.0248 - acc: 0.7023 - val_loss: 0.0184 - val_acc: 0.5625
Epoch 139/300
2600/2600 [==============================] - 25s 10ms/sample - loss: 0.0248 - acc: 0.7042 - val_loss: 0.0183 - val_acc: 0.5500
Epoch 140/300
2600/2600 [==============================] - 26s 10ms/sample - loss: 0.0248 - acc: 0.6935 - val_loss: 0.0183 - val_acc: 0.5625
Epoch 141/300
2600/2600 [==============================] - 30s 11ms/sample - loss: 0.0248 - acc: 0.7019 - val_loss: 0.0182 - val_acc: 0.5500
Epoch 142/300
2600/2600 [==============================] - 27s 10ms/sample - loss: 0.0248 - acc: 0.6942 - val_loss: 0.0183 - val_acc: 0.5500
Epoch 143/300
2600/2600 [==============================] - 26s 10ms/sample - loss: 0.0248 - acc: 0.7054 - val_loss: 0.0184 - val_acc: 0.5625
Epoch 144/300
2600/2600 [==============================] - 25s 10ms/sample - loss: 0.0248 - acc: 0.7027 - val_loss: 0.0182 - val_acc: 0.5500
Epoch 145/300
2600/2600 [==============================] - 25s 10ms/sample - loss: 0.0248 - acc: 0.7008 - val_loss: 0.0182 - val_acc: 0.5625
Epoch 146/300
2600/2600 [==============================] - 27s 10ms/sample - loss: 0.0247 - acc: 0.6958 - val_loss: 0.0183 - val_acc: 0.5625
Epoch 147/300
2600/2600 [==============================] - 25s 10ms/sample - loss: 0.0247 - acc: 0.7019 - val_loss: 0.0184 - val_acc: 0.5500
Epoch 148/300
2600/2600 [==============================] - 27s 10ms/sample - loss: 0.0247 - acc: 0.7038 - val_loss: 0.0182 - val_acc: 0.5500
Epoch 149/300
2600/2600 [==============================] - 27s 10ms/sample - loss: 0.0247 - acc: 0.7104 - val_loss: 0.0183 - val_acc: 0.5625
Epoch 150/300
2600/2600 [==============================] - 27s 11ms/sample - loss: 0.0247 - acc: 0.7019 - val_loss: 0.0184 - val_acc: 0.5625
Epoch 151/300
2600/2600 [==============================] - 30s 12ms/sample - loss: 0.0247 - acc: 0.6969 - val_loss: 0.0183 - val_acc: 0.5500
Epoch 152/300
2600/2600 [==============================] - 27s 10ms/sample - loss: 0.0247 - acc: 0.7004 - val_loss: 0.0181 - val_acc: 0.5500
Epoch 153/300
2600/2600 [==============================] - 28s 11ms/sample - loss: 0.0247 - acc: 0.7027 - val_loss: 0.0183 - val_acc: 0.5625
Epoch 154/300
2600/2600 [==============================] - 26s 10ms/sample - loss: 0.0246 - acc: 0.7100 - val_loss: 0.0184 - val_acc: 0.5500
Epoch 155/300
2600/2600 [==============================] - 25s 10ms/sample - loss: 0.0247 - acc: 0.7031 - val_loss: 0.0182 - val_acc: 0.5625
Epoch 156/300
2600/2600 [==============================] - 26s 10ms/sample - loss: 0.0246 - acc: 0.7019 - val_loss: 0.0183 - val_acc: 0.5500
Epoch 157/300
2600/2600 [==============================] - 26s 10ms/sample - loss: 0.0247 - acc: 0.7031 - val_loss: 0.0182 - val_acc: 0.5500
Epoch 158/300
2600/2600 [==============================] - 23s 9ms/sample - loss: 0.0247 - acc: 0.7081 - val_loss: 0.0183 - val_acc: 0.5500
Epoch 159/300
2600/2600 [==============================] - 23s 9ms/sample - loss: 0.0247 - acc: 0.7015 - val_loss: 0.0183 - val_acc: 0.5500
Epoch 160/300
2600/2600 [==============================] - 28s 11ms/sample - loss: 0.0247 - acc: 0.7038 - val_loss: 0.0183 - val_acc: 0.5500
Epoch 161/300
2600/2600 [==============================] - 24s 9ms/sample - loss: 0.0247 - acc: 0.6915 - val_loss: 0.0184 - val_acc: 0.5625
Epoch 162/300
2600/2600 [==============================] - 27s 10ms/sample - loss: 0.0246 - acc: 0.7096 - val_loss: 0.0184 - val_acc: 0.5500
Epoch 163/300
2600/2600 [==============================] - 30s 12ms/sample - loss: 0.0246 - acc: 0.7104 - val_loss: 0.0184 - val_acc: 0.5625
Epoch 164/300
2600/2600 [==============================] - 30s 12ms/sample - loss: 0.0247 - acc: 0.7015 - val_loss: 0.0183 - val_acc: 0.5500
Epoch 165/300
2600/2600 [==============================] - 24s 9ms/sample - loss: 0.0247 - acc: 0.7054 - val_loss: 0.0183 - val_acc: 0.5500
Epoch 166/300
2600/2600 [==============================] - 25s 10ms/sample - loss: 0.0246 - acc: 0.7046 - val_loss: 0.0184 - val_acc: 0.5625
Epoch 167/300
2600/2600 [==============================] - 29s 11ms/sample - loss: 0.0246 - acc: 0.7077 - val_loss: 0.0183 - val_acc: 0.5500
Epoch 168/300
2600/2600 [==============================] - 27s 10ms/sample - loss: 0.0246 - acc: 0.7096 - val_loss: 0.0181 - val_acc: 0.5625
Epoch 169/300
2600/2600 [==============================] - 26s 10ms/sample - loss: 0.0246 - acc: 0.7112 - val_loss: 0.0184 - val_acc: 0.5625
Epoch 170/300
2600/2600 [==============================] - 27s 10ms/sample - loss: 0.0246 - acc: 0.6992 - val_loss: 0.0183 - val_acc: 0.5625
Epoch 171/300
2600/2600 [==============================] - 31s 12ms/sample - loss: 0.0246 - acc: 0.7104 - val_loss: 0.0182 - val_acc: 0.5500
Epoch 172/300
2600/2600 [==============================] - 28s 11ms/sample - loss: 0.0246 - acc: 0.7104 - val_loss: 0.0182 - val_acc: 0.5500
Epoch 173/300
2600/2600 [==============================] - 29s 11ms/sample - loss: 0.0246 - acc: 0.7096 - val_loss: 0.0182 - val_acc: 0.5625
Epoch 174/300
2600/2600 [==============================] - 28s 11ms/sample - loss: 0.0246 - acc: 0.7058 - val_loss: 0.0184 - val_acc: 0.5625
Epoch 175/300
2600/2600 [==============================] - 29s 11ms/sample - loss: 0.0246 - acc: 0.7069 - val_loss: 0.0183 - val_acc: 0.5500
Epoch 176/300
2600/2600 [==============================] - 29s 11ms/sample - loss: 0.0245 - acc: 0.7027 - val_loss: 0.0183 - val_acc: 0.5500
Epoch 177/300
2600/2600 [==============================] - 35s 14ms/sample - loss: 0.0246 - acc: 0.7081 - val_loss: 0.0184 - val_acc: 0.5500
Epoch 178/300
2600/2600 [==============================] - 25s 10ms/sample - loss: 0.0245 - acc: 0.7112 - val_loss: 0.0183 - val_acc: 0.5500
Epoch 179/300
2600/2600 [==============================] - 29s 11ms/sample - loss: 0.0246 - acc: 0.7073 - val_loss: 0.0185 - val_acc: 0.5625
Epoch 180/300
2600/2600 [==============================] - 25s 10ms/sample - loss: 0.0245 - acc: 0.7038 - val_loss: 0.0184 - val_acc: 0.5500
Epoch 181/300
2600/2600 [==============================] - 33s 13ms/sample - loss: 0.0245 - acc: 0.7088 - val_loss: 0.0183 - val_acc: 0.5500
Epoch 182/300
2600/2600 [==============================] - 25s 10ms/sample - loss: 0.0245 - acc: 0.7050 - val_loss: 0.0185 - val_acc: 0.5625
Epoch 183/300
2600/2600 [==============================] - 27s 10ms/sample - loss: 0.0245 - acc: 0.7077 - val_loss: 0.0183 - val_acc: 0.5625
Epoch 184/300
2600/2600 [==============================] - 29s 11ms/sample - loss: 0.0245 - acc: 0.7000 - val_loss: 0.0182 - val_acc: 0.5625
Epoch 185/300
2600/2600 [==============================] - 26s 10ms/sample - loss: 0.0246 - acc: 0.7077 - val_loss: 0.0183 - val_acc: 0.5625
Epoch 186/300
2600/2600 [==============================] - 29s 11ms/sample - loss: 0.0246 - acc: 0.7131 - val_loss: 0.0182 - val_acc: 0.5500
Epoch 187/300
2600/2600 [==============================] - 28s 11ms/sample - loss: 0.0245 - acc: 0.7004 - val_loss: 0.0184 - val_acc: 0.5625
Epoch 188/300
2600/2600 [==============================] - 23s 9ms/sample - loss: 0.0245 - acc: 0.7112 - val_loss: 0.0184 - val_acc: 0.5500
Epoch 189/300
2600/2600 [==============================] - 27s 10ms/sample - loss: 0.0245 - acc: 0.7062 - val_loss: 0.0183 - val_acc: 0.5500
Epoch 190/300
2600/2600 [==============================] - 24s 9ms/sample - loss: 0.0245 - acc: 0.7131 - val_loss: 0.0183 - val_acc: 0.5500
Epoch 191/300
2600/2600 [==============================] - 23s 9ms/sample - loss: 0.0244 - acc: 0.7135 - val_loss: 0.0182 - val_acc: 0.5500
Epoch 192/300
2600/2600 [==============================] - 24s 9ms/sample - loss: 0.0244 - acc: 0.7069 - val_loss: 0.0184 - val_acc: 0.5500
Epoch 193/300
2600/2600 [==============================] - 26s 10ms/sample - loss: 0.0245 - acc: 0.7104 - val_loss: 0.0184 - val_acc: 0.5500
Epoch 194/300
2600/2600 [==============================] - 24s 9ms/sample - loss: 0.0245 - acc: 0.7085 - val_loss: 0.0184 - val_acc: 0.5500
Epoch 195/300
2600/2600 [==============================] - 26s 10ms/sample - loss: 0.0245 - acc: 0.7065 - val_loss: 0.0184 - val_acc: 0.5500
Epoch 196/300
2600/2600 [==============================] - 27s 10ms/sample - loss: 0.0245 - acc: 0.7073 - val_loss: 0.0184 - val_acc: 0.5500
Epoch 197/300
2600/2600 [==============================] - 25s 10ms/sample - loss: 0.0245 - acc: 0.7100 - val_loss: 0.0185 - val_acc: 0.5625
Epoch 198/300
2600/2600 [==============================] - 26s 10ms/sample - loss: 0.0244 - acc: 0.7150 - val_loss: 0.0182 - val_acc: 0.5625
Epoch 199/300
2600/2600 [==============================] - 26s 10ms/sample - loss: 0.0244 - acc: 0.7142 - val_loss: 0.0185 - val_acc: 0.5625
Epoch 200/300
2600/2600 [==============================] - 25s 9ms/sample - loss: 0.0245 - acc: 0.7158 - val_loss: 0.0184 - val_acc: 0.5500
Epoch 201/300
2600/2600 [==============================] - 26s 10ms/sample - loss: 0.0244 - acc: 0.7104 - val_loss: 0.0185 - val_acc: 0.5500
Epoch 202/300
2600/2600 [==============================] - 26s 10ms/sample - loss: 0.0244 - acc: 0.7050 - val_loss: 0.0184 - val_acc: 0.5500
Epoch 203/300
2600/2600 [==============================] - 26s 10ms/sample - loss: 0.0244 - acc: 0.7092 - val_loss: 0.0184 - val_acc: 0.5500
Epoch 204/300
2600/2600 [==============================] - 27s 10ms/sample - loss: 0.0245 - acc: 0.7112 - val_loss: 0.0185 - val_acc: 0.5625
Epoch 205/300
2600/2600 [==============================] - 26s 10ms/sample - loss: 0.0244 - acc: 0.7092 - val_loss: 0.0185 - val_acc: 0.5500
Epoch 206/300
2600/2600 [==============================] - 27s 10ms/sample - loss: 0.0245 - acc: 0.7150 - val_loss: 0.0184 - val_acc: 0.5500
Epoch 207/300
2600/2600 [==============================] - 26s 10ms/sample - loss: 0.0244 - acc: 0.7081 - val_loss: 0.0183 - val_acc: 0.5625
Epoch 208/300
2600/2600 [==============================] - 27s 10ms/sample - loss: 0.0245 - acc: 0.7038 - val_loss: 0.0184 - val_acc: 0.5500
Epoch 209/300
2600/2600 [==============================] - 24s 9ms/sample - loss: 0.0244 - acc: 0.7127 - val_loss: 0.0185 - val_acc: 0.5500
Epoch 210/300
2600/2600 [==============================] - 25s 10ms/sample - loss: 0.0244 - acc: 0.7092 - val_loss: 0.0187 - val_acc: 0.5625
Epoch 211/300
2600/2600 [==============================] - 29s 11ms/sample - loss: 0.0244 - acc: 0.7104 - val_loss: 0.0184 - val_acc: 0.5500
Epoch 212/300
2600/2600 [==============================] - 27s 10ms/sample - loss: 0.0244 - acc: 0.7146 - val_loss: 0.0183 - val_acc: 0.5500
Epoch 213/300
2600/2600 [==============================] - 29s 11ms/sample - loss: 0.0244 - acc: 0.7062 - val_loss: 0.0184 - val_acc: 0.5625
Epoch 214/300
2600/2600 [==============================] - 27s 10ms/sample - loss: 0.0244 - acc: 0.7154 - val_loss: 0.0185 - val_acc: 0.5500
Epoch 215/300
2600/2600 [==============================] - 31s 12ms/sample - loss: 0.0244 - acc: 0.7115 - val_loss: 0.0186 - val_acc: 0.5500
Epoch 216/300
2600/2600 [==============================] - 34s 13ms/sample - loss: 0.0244 - acc: 0.7181 - val_loss: 0.0185 - val_acc: 0.5500
Epoch 217/300
2600/2600 [==============================] - 31s 12ms/sample - loss: 0.0244 - acc: 0.7096 - val_loss: 0.0185 - val_acc: 0.5500
Epoch 218/300
2600/2600 [==============================] - 27s 10ms/sample - loss: 0.0243 - acc: 0.7135 - val_loss: 0.0184 - val_acc: 0.5500
Epoch 219/300
2600/2600 [==============================] - 32s 12ms/sample - loss: 0.0243 - acc: 0.7208 - val_loss: 0.0184 - val_acc: 0.5500
Epoch 220/300
2600/2600 [==============================] - 30s 12ms/sample - loss: 0.0243 - acc: 0.7073 - val_loss: 0.0184 - val_acc: 0.5500
Epoch 221/300
2600/2600 [==============================] - 27s 10ms/sample - loss: 0.0245 - acc: 0.7062 - val_loss: 0.0186 - val_acc: 0.5500
Epoch 222/300
2600/2600 [==============================] - 25s 10ms/sample - loss: 0.0244 - acc: 0.7177 - val_loss: 0.0184 - val_acc: 0.5500
Epoch 223/300
2600/2600 [==============================] - 28s 11ms/sample - loss: 0.0243 - acc: 0.7138 - val_loss: 0.0184 - val_acc: 0.5625
Epoch 224/300
2600/2600 [==============================] - 26s 10ms/sample - loss: 0.0244 - acc: 0.7165 - val_loss: 0.0186 - val_acc: 0.5625
Epoch 225/300
2600/2600 [==============================] - 27s 10ms/sample - loss: 0.0243 - acc: 0.7177 - val_loss: 0.0184 - val_acc: 0.5500
Epoch 226/300
2600/2600 [==============================] - 25s 10ms/sample - loss: 0.0243 - acc: 0.7135 - val_loss: 0.0184 - val_acc: 0.5625
Epoch 227/300
2600/2600 [==============================] - 26s 10ms/sample - loss: 0.0243 - acc: 0.7158 - val_loss: 0.0185 - val_acc: 0.5500
Epoch 228/300
2600/2600 [==============================] - 26s 10ms/sample - loss: 0.0243 - acc: 0.7081 - val_loss: 0.0183 - val_acc: 0.5500
Epoch 229/300
2600/2600 [==============================] - 24s 9ms/sample - loss: 0.0243 - acc: 0.7188 - val_loss: 0.0184 - val_acc: 0.5500
Epoch 230/300
2600/2600 [==============================] - 27s 10ms/sample - loss: 0.0244 - acc: 0.7223 - val_loss: 0.0184 - val_acc: 0.5500
Epoch 231/300
2600/2600 [==============================] - 26s 10ms/sample - loss: 0.0243 - acc: 0.7146 - val_loss: 0.0185 - val_acc: 0.5500
Epoch 232/300
2600/2600 [==============================] - 25s 10ms/sample - loss: 0.0243 - acc: 0.7119 - val_loss: 0.0183 - val_acc: 0.5625
Epoch 233/300
2600/2600 [==============================] - 23s 9ms/sample - loss: 0.0243 - acc: 0.7181 - val_loss: 0.0185 - val_acc: 0.5500
Epoch 234/300
2600/2600 [==============================] - 25s 10ms/sample - loss: 0.0243 - acc: 0.7104 - val_loss: 0.0186 - val_acc: 0.5500
Epoch 235/300
2600/2600 [==============================] - 23s 9ms/sample - loss: 0.0242 - acc: 0.7154 - val_loss: 0.0184 - val_acc: 0.5500
Epoch 236/300
2600/2600 [==============================] - 26s 10ms/sample - loss: 0.0243 - acc: 0.7208 - val_loss: 0.0188 - val_acc: 0.5500
Epoch 237/300
2600/2600 [==============================] - 25s 10ms/sample - loss: 0.0242 - acc: 0.7165 - val_loss: 0.0187 - val_acc: 0.5500
Epoch 238/300
2600/2600 [==============================] - 25s 10ms/sample - loss: 0.0243 - acc: 0.7177 - val_loss: 0.0187 - val_acc: 0.5500
Epoch 239/300
2600/2600 [==============================] - 28s 11ms/sample - loss: 0.0243 - acc: 0.7104 - val_loss: 0.0185 - val_acc: 0.5500
Epoch 240/300
2600/2600 [==============================] - 25s 10ms/sample - loss: 0.0242 - acc: 0.7123 - val_loss: 0.0185 - val_acc: 0.5625
Epoch 241/300
2600/2600 [==============================] - 30s 12ms/sample - loss: 0.0242 - acc: 0.7188 - val_loss: 0.0184 - val_acc: 0.5625
Epoch 242/300
2600/2600 [==============================] - 27s 10ms/sample - loss: 0.0242 - acc: 0.7127 - val_loss: 0.0185 - val_acc: 0.5500
Epoch 243/300
2600/2600 [==============================] - 26s 10ms/sample - loss: 0.0241 - acc: 0.7192 - val_loss: 0.0185 - val_acc: 0.5500
Epoch 244/300
2600/2600 [==============================] - 28s 11ms/sample - loss: 0.0242 - acc: 0.7208 - val_loss: 0.0186 - val_acc: 0.5500
Epoch 245/300
2600/2600 [==============================] - 26s 10ms/sample - loss: 0.0242 - acc: 0.7188 - val_loss: 0.0186 - val_acc: 0.5500
Epoch 246/300
2600/2600 [==============================] - 27s 10ms/sample - loss: 0.0242 - acc: 0.7188 - val_loss: 0.0186 - val_acc: 0.5500
Epoch 247/300
2600/2600 [==============================] - 24s 9ms/sample - loss: 0.0242 - acc: 0.7196 - val_loss: 0.0186 - val_acc: 0.5500
Epoch 248/300
2600/2600 [==============================] - 25s 10ms/sample - loss: 0.0241 - acc: 0.7192 - val_loss: 0.0187 - val_acc: 0.5500
Epoch 249/300
2600/2600 [==============================] - 26s 10ms/sample - loss: 0.0241 - acc: 0.7131 - val_loss: 0.0186 - val_acc: 0.5500
Epoch 250/300
2600/2600 [==============================] - 25s 10ms/sample - loss: 0.0242 - acc: 0.7204 - val_loss: 0.0186 - val_acc: 0.5500
Epoch 251/300
2600/2600 [==============================] - 25s 10ms/sample - loss: 0.0242 - acc: 0.7173 - val_loss: 0.0186 - val_acc: 0.5500
Epoch 252/300
2600/2600 [==============================] - 24s 9ms/sample - loss: 0.0242 - acc: 0.7200 - val_loss: 0.0186 - val_acc: 0.5500
Epoch 253/300
2600/2600 [==============================] - 25s 10ms/sample - loss: 0.0242 - acc: 0.7173 - val_loss: 0.0186 - val_acc: 0.5500
Epoch 254/300
2600/2600 [==============================] - 27s 10ms/sample - loss: 0.0241 - acc: 0.7196 - val_loss: 0.0185 - val_acc: 0.5625
Epoch 255/300
2600/2600 [==============================] - 25s 9ms/sample - loss: 0.0241 - acc: 0.7219 - val_loss: 0.0187 - val_acc: 0.5500
Epoch 256/300
2600/2600 [==============================] - 25s 10ms/sample - loss: 0.0241 - acc: 0.7235 - val_loss: 0.0187 - val_acc: 0.5500
Epoch 257/300
2600/2600 [==============================] - 27s 10ms/sample - loss: 0.0242 - acc: 0.7150 - val_loss: 0.0187 - val_acc: 0.5625
Epoch 258/300
2600/2600 [==============================] - 24s 9ms/sample - loss: 0.0241 - acc: 0.7146 - val_loss: 0.0187 - val_acc: 0.5500
Epoch 259/300
2600/2600 [==============================] - 26s 10ms/sample - loss: 0.0241 - acc: 0.7181 - val_loss: 0.0186 - val_acc: 0.5500
Epoch 260/300
2600/2600 [==============================] - 26s 10ms/sample - loss: 0.0241 - acc: 0.7173 - val_loss: 0.0187 - val_acc: 0.5500
Epoch 261/300
2600/2600 [==============================] - 25s 9ms/sample - loss: 0.0241 - acc: 0.7204 - val_loss: 0.0186 - val_acc: 0.5625
Epoch 262/300
2600/2600 [==============================] - 25s 10ms/sample - loss: 0.0241 - acc: 0.7215 - val_loss: 0.0187 - val_acc: 0.5500
Epoch 263/300
2600/2600 [==============================] - 29s 11ms/sample - loss: 0.0241 - acc: 0.7123 - val_loss: 0.0186 - val_acc: 0.5500
Epoch 264/300
2600/2600 [==============================] - 25s 10ms/sample - loss: 0.0240 - acc: 0.7227 - val_loss: 0.0185 - val_acc: 0.5500
Epoch 265/300
2600/2600 [==============================] - 26s 10ms/sample - loss: 0.0241 - acc: 0.7185 - val_loss: 0.0187 - val_acc: 0.5500
Epoch 266/300
2600/2600 [==============================] - 24s 9ms/sample - loss: 0.0241 - acc: 0.7250 - val_loss: 0.0186 - val_acc: 0.5500
Epoch 267/300
2600/2600 [==============================] - 26s 10ms/sample - loss: 0.0241 - acc: 0.7269 - val_loss: 0.0184 - val_acc: 0.5625
Epoch 268/300
2600/2600 [==============================] - 25s 9ms/sample - loss: 0.0241 - acc: 0.7215 - val_loss: 0.0186 - val_acc: 0.5500
Epoch 269/300
2600/2600 [==============================] - 26s 10ms/sample - loss: 0.0241 - acc: 0.7242 - val_loss: 0.0186 - val_acc: 0.5625
Epoch 270/300
2600/2600 [==============================] - 25s 10ms/sample - loss: 0.0241 - acc: 0.7185 - val_loss: 0.0187 - val_acc: 0.5500
Epoch 271/300
2600/2600 [==============================] - 26s 10ms/sample - loss: 0.0241 - acc: 0.7165 - val_loss: 0.0188 - val_acc: 0.5500
Epoch 272/300
2600/2600 [==============================] - 26s 10ms/sample - loss: 0.0240 - acc: 0.7223 - val_loss: 0.0188 - val_acc: 0.5500
Epoch 273/300
2600/2600 [==============================] - 25s 10ms/sample - loss: 0.0241 - acc: 0.7296 - val_loss: 0.0184 - val_acc: 0.5625
Epoch 274/300
2600/2600 [==============================] - 25s 10ms/sample - loss: 0.0241 - acc: 0.7254 - val_loss: 0.0185 - val_acc: 0.5500
Epoch 275/300
2600/2600 [==============================] - 25s 9ms/sample - loss: 0.0241 - acc: 0.7208 - val_loss: 0.0188 - val_acc: 0.5500
Epoch 276/300
2600/2600 [==============================] - 24s 9ms/sample - loss: 0.0241 - acc: 0.7250 - val_loss: 0.0183 - val_acc: 0.5625
Epoch 277/300
2600/2600 [==============================] - 26s 10ms/sample - loss: 0.0241 - acc: 0.7219 - val_loss: 0.0186 - val_acc: 0.5500
Epoch 278/300
2600/2600 [==============================] - 26s 10ms/sample - loss: 0.0241 - acc: 0.7177 - val_loss: 0.0187 - val_acc: 0.5500
Epoch 279/300
2600/2600 [==============================] - 24s 9ms/sample - loss: 0.0240 - acc: 0.7254 - val_loss: 0.0184 - val_acc: 0.5625
Epoch 280/300
2600/2600 [==============================] - 24s 9ms/sample - loss: 0.0239 - acc: 0.7227 - val_loss: 0.0187 - val_acc: 0.5625
Epoch 281/300
2600/2600 [==============================] - 26s 10ms/sample - loss: 0.0240 - acc: 0.7208 - val_loss: 0.0184 - val_acc: 0.5625
Epoch 282/300
2600/2600 [==============================] - 25s 10ms/sample - loss: 0.0240 - acc: 0.7281 - val_loss: 0.0187 - val_acc: 0.5625
Epoch 283/300
2600/2600 [==============================] - 24s 9ms/sample - loss: 0.0240 - acc: 0.7154 - val_loss: 0.0187 - val_acc: 0.5500
Epoch 284/300
2600/2600 [==============================] - 24s 9ms/sample - loss: 0.0240 - acc: 0.7215 - val_loss: 0.0187 - val_acc: 0.5500
Epoch 285/300
2600/2600 [==============================] - 27s 10ms/sample - loss: 0.0240 - acc: 0.7138 - val_loss: 0.0185 - val_acc: 0.5500
Epoch 286/300
2600/2600 [==============================] - 24s 9ms/sample - loss: 0.0240 - acc: 0.7238 - val_loss: 0.0192 - val_acc: 0.5500
Epoch 287/300
2600/2600 [==============================] - 24s 9ms/sample - loss: 0.0241 - acc: 0.7219 - val_loss: 0.0188 - val_acc: 0.5500
Epoch 288/300
2600/2600 [==============================] - 24s 9ms/sample - loss: 0.0240 - acc: 0.7215 - val_loss: 0.0187 - val_acc: 0.5500
Epoch 289/300
2600/2600 [==============================] - 25s 10ms/sample - loss: 0.0241 - acc: 0.7235 - val_loss: 0.0186 - val_acc: 0.5500
Epoch 290/300
2600/2600 [==============================] - 24s 9ms/sample - loss: 0.0240 - acc: 0.7246 - val_loss: 0.0185 - val_acc: 0.5625
Epoch 291/300
2600/2600 [==============================] - 26s 10ms/sample - loss: 0.0240 - acc: 0.7196 - val_loss: 0.0186 - val_acc: 0.5500
Epoch 292/300
2600/2600 [==============================] - 25s 10ms/sample - loss: 0.0240 - acc: 0.7196 - val_loss: 0.0185 - val_acc: 0.5500
Epoch 293/300
2600/2600 [==============================] - 22s 9ms/sample - loss: 0.0239 - acc: 0.7235 - val_loss: 0.0186 - val_acc: 0.5500
Epoch 294/300
2600/2600 [==============================] - 22s 9ms/sample - loss: 0.0240 - acc: 0.7165 - val_loss: 0.0184 - val_acc: 0.5500
Epoch 295/300
2600/2600 [==============================] - 22s 9ms/sample - loss: 0.0240 - acc: 0.7208 - val_loss: 0.0187 - val_acc: 0.5500
Epoch 296/300
2600/2600 [==============================] - 22s 9ms/sample - loss: 0.0240 - acc: 0.7235 - val_loss: 0.0185 - val_acc: 0.5500
Epoch 297/300
2600/2600 [==============================] - 22s 9ms/sample - loss: 0.0240 - acc: 0.7277 - val_loss: 0.0182 - val_acc: 0.5500
Epoch 298/300
2600/2600 [==============================] - 24s 9ms/sample - loss: 0.0239 - acc: 0.7269 - val_loss: 0.0186 - val_acc: 0.5500
Epoch 299/300
2600/2600 [==============================] - 25s 10ms/sample - loss: 0.0240 - acc: 0.7204 - val_loss: 0.0184 - val_acc: 0.5500
Epoch 300/300
2600/2600 [==============================] - 26s 10ms/sample - loss: 0.0239 - acc: 0.7308 - val_loss: 0.0186 - val_acc: 0.5500
